[2m2026-05-07 09:58:19[0m DBG [2mcore/action.go:186[0m Action.Run [2mname=[0mgrok_chat
[2m2026-05-07 09:58:19[0m DBG [2mtracing/tracing.go:186[0m span start [2mname=[0mgrok_chat
[2m2026-05-07 09:58:19[0m DBG [2mtracing/tracing.go:267[0m span end [2mname=[0mgrok_chat
[2m2026-05-07 09:58:19[0m DBG [2mcore/action.go:188[0m Action.Run [2mname=[0mgrok_chat [2merr=[0m<nil>
[2m2026-05-07 09:58:19[0m DBG [2mtracing/tracing.go:186[0m span start [2mname=[0mgenerate
[2m2026-05-07 09:58:19[0m DBG [2mcore/action.go:186[0m Action.Run [2mname=[0mxai/grok-3
[2m2026-05-07 09:58:19[0m DBG [2mtracing/tracing.go:186[0m span start [2mname=[0mxai/grok-3
[2m2026-05-07 09:58:20[0m DBG [2mtracing/tracing.go:267[0m span end [2mname=[0mxai/grok-3
[2m2026-05-07 09:58:20[0m DBG [2mcore/action.go:188[0m Action.Run [2mname=[0mxai/grok-3 [2merr=[0m<nil>
[2m2026-05-07 09:58:20[0m DBG [2mcore/action.go:186[0m Action.Run [2mname=[0mAIDeleteTask
[2m2026-05-07 09:58:20[0m DBG [2mtracing/tracing.go:186[0m span start [2mname=[0mAIDeleteTask
[2m2026-05-07 09:58:20[0m DBG [2maitaskmanager/aitaskmanager.go:307[0m ENTER AIDeleteTask
[2m2026-05-07 09:58:20[0m DBG [2mmodels/database.go:100[0m Entering DBDeleteTask
[2m2026-05-07 09:58:20[0m DBG [2mmodels/database.go:101[0m taskID: %d [2m!BADKEY=[0m124
[2m2026-05-07 09:58:20[0m DBG [2mmodels/database.go:105[0m delete action completed successfully
[2m2026-05-07 09:58:20[0m DBG [2mmodels/database.go:107[0m completed error %s [2m!BADKEY=[0m<nil>
[2m2026-05-07 09:58:20[0m DBG [2maitaskmanager/aitaskmanager.go:313[0m EXIT AIDeleteTask
[2m2026-05-07 09:58:20[0m DBG [2mtracing/tracing.go:267[0m span end [2mname=[0mAIDeleteTask
[2m2026-05-07 09:58:20[0m DBG [2mcore/action.go:188[0m Action.Run [2mname=[0mAIDeleteTask [2merr=[0m<nil>
[2m2026-05-07 09:58:20[0m DBG [2mtracing/tracing.go:186[0m span start [2mname=[0mgenerate
[2m2026-05-07 09:58:20[0m DBG [2mcore/action.go:186[0m Action.Run [2mname=[0mxai/grok-3
[2m2026-05-07 09:58:20[0m DBG [2mtracing/tracing.go:186[0m span start [2mname=[0mxai/grok-3
[2m2026-05-07 09:58:22[0m DBG [2mtracing/tracing.go:267[0m span end [2mname=[0mxai/grok-3
[2m2026-05-07 09:58:22[0m DBG [2mcore/action.go:188[0m Action.Run [2mname=[0mxai/grok-3 [2merr=[0m<nil>
[2m2026-05-07 09:58:22[0m DBG [2mcore/action.go:186[0m Action.Run [2mname=[0mAIListTasks
[2m2026-05-07 09:58:22[0m DBG [2mtracing/tracing.go:186[0m span start [2mname=[0mAIListTasks
[2m2026-05-07 09:58:22[0m DBG [2maitaskmanager/aitaskmanager.go:282[0m ENTER AIListTasks
[2m2026-05-07 09:58:22[0m DBG [2maitaskmanager/aitaskmanager.go:288[0m EXIT AIListTasks
[2m2026-05-07 09:58:22[0m DBG [2mtracing/tracing.go:267[0m span end [2mname=[0mAIListTasks
[2m2026-05-07 09:58:22[0m DBG [2mcore/action.go:188[0m Action.Run [2mname=[0mAIListTasks [2merr=[0m<nil>
[2m2026-05-07 09:58:22[0m DBG [2mtracing/tracing.go:186[0m span start [2mname=[0mgenerate
[2m2026-05-07 09:58:22[0m DBG [2mcore/action.go:186[0m Action.Run [2mname=[0mxai/grok-3
[2m2026-05-07 09:58:22[0m DBG [2mtracing/tracing.go:186[0m span start [2mname=[0mxai/grok-3
[2m2026-05-07 09:58:23[0m DBG [2mtracing/tracing.go:267[0m span end [2mname=[0mxai/grok-3
[2m2026-05-07 09:58:23[0m DBG [2mcore/action.go:188[0m Action.Run [2mname=[0mxai/grok-3 [2merr=[0m<nil>
[2m2026-05-07 09:58:23[0m DBG [2mcore/action.go:186[0m Action.Run [2mname=[0mAIListTasks
[2m2026-05-07 09:58:23[0m DBG [2mtracing/tracing.go:186[0m span start [2mname=[0mAIListTasks
[2m2026-05-07 09:58:23[0m DBG [2maitaskmanager/aitaskmanager.go:282[0m ENTER AIListTasks
[2m2026-05-07 09:58:23[0m DBG [2maitaskmanager/aitaskmanager.go:288[0m EXIT AIListTasks
[2m2026-05-07 09:58:23[0m DBG [2mtracing/tracing.go:267[0m span end [2mname=[0mAIListTasks
[2m2026-05-07 09:58:23[0m DBG [2mcore/action.go:188[0m Action.Run [2mname=[0mAIListTasks [2merr=[0m<nil>
[2m2026-05-07 09:58:23[0m DBG [2mtracing/tracing.go:186[0m span start [2mname=[0mgenerate
[2m2026-05-07 09:58:23[0m DBG [2mcore/action.go:186[0m Action.Run [2mname=[0mxai/grok-3
[2m2026-05-07 09:58:23[0m DBG [2mtracing/tracing.go:186[0m span start [2mname=[0mxai/grok-3
[2m2026-05-07 09:58:25[0m DBG [2mtracing/tracing.go:267[0m span end [2mname=[0mxai/grok-3
[2m2026-05-07 09:58:25[0m DBG [2mcore/action.go:188[0m Action.Run [2mname=[0mxai/grok-3 [2merr=[0m<nil>
[2m2026-05-07 09:58:25[0m DBG [2mcore/action.go:186[0m Action.Run [2mname=[0mAIListTasks
[2m2026-05-07 09:58:25[0m DBG [2mtracing/tracing.go:186[0m span start [2mname=[0mAIListTasks
[2m2026-05-07 09:58:25[0m DBG [2maitaskmanager/aitaskmanager.go:282[0m ENTER AIListTasks
[2m2026-05-07 09:58:25[0m DBG [2maitaskmanager/aitaskmanager.go:288[0m EXIT AIListTasks
[2m2026-05-07 09:58:25[0m DBG [2mtracing/tracing.go:267[0m span end [2mname=[0mAIListTasks
[2m2026-05-07 09:58:25[0m DBG [2mcore/action.go:188[0m Action.Run [2mname=[0mAIListTasks [2merr=[0m<nil>
[2m2026-05-07 09:58:25[0m DBG [2mtracing/tracing.go:186[0m span start [2mname=[0mgenerate
[2m2026-05-07 09:58:25[0m DBG [2mcore/action.go:186[0m Action.Run [2mname=[0mxai/grok-3
[2m2026-05-07 09:58:25[0m DBG [2mtracing/tracing.go:186[0m span start [2mname=[0mxai/grok-3
[2m2026-05-07 09:58:28[0m DBG [2mtracing/tracing.go:267[0m span end [2mname=[0mxai/grok-3
[2m2026-05-07 09:58:28[0m DBG [2mcore/action.go:188[0m Action.Run [2mname=[0mxai/grok-3 [2merr=[0m<nil>
[2m2026-05-07 09:58:28[0m DBG [2mcore/action.go:186[0m Action.Run [2mname=[0mAIListTasks
[2m2026-05-07 09:58:28[0m DBG [2mtracing/tracing.go:186[0m span start [2mname=[0mAIListTasks
[2m2026-05-07 09:58:28[0m DBG [2maitaskmanager/aitaskmanager.go:282[0m ENTER AIListTasks
[2m2026-05-07 09:58:28[0m DBG [2maitaskmanager/aitaskmanager.go:288[0m EXIT AIListTasks
[2m2026-05-07 09:58:28[0m DBG [2mtracing/tracing.go:267[0m span end [2mname=[0mAIListTasks
[2m2026-05-07 09:58:28[0m DBG [2mcore/action.go:188[0m Action.Run [2mname=[0mAIListTasks [2merr=[0m<nil>
[2m2026-05-07 09:58:28[0m DBG [2mtracing/tracing.go:186[0m span start [2mname=[0mgenerate
[2m2026-05-07 09:58:28[0m DBG [2mcore/action.go:186[0m Action.Run [2mname=[0mxai/grok-3
[2m2026-05-07 09:58:28[0m DBG [2mtracing/tracing.go:186[0m span start [2mname=[0mxai/grok-3
[2m2026-05-07 09:58:31[0m DBG [2mtracing/tracing.go:267[0m span end [2mname=[0mxai/grok-3
[2m2026-05-07 09:58:31[0m DBG [2mcore/action.go:188[0m Action.Run [2mname=[0mxai/grok-3 [2merr=[0m<nil>
[2m2026-05-07 09:58:31[0m DBG [2mcore/action.go:186[0m Action.Run [2mname=[0mAIListTasks
[2m2026-05-07 09:58:31[0m DBG [2mtracing/tracing.go:186[0m span start [2mname=[0mAIListTasks
[2m2026-05-07 09:58:31[0m DBG [2maitaskmanager/aitaskmanager.go:282[0m ENTER AIListTasks
[2m2026-05-07 09:58:31[0m DBG [2maitaskmanager/aitaskmanager.go:288[0m EXIT AIListTasks
[2m2026-05-07 09:58:31[0m DBG [2mtracing/tracing.go:267[0m span end [2mname=[0mAIListTasks
[2m2026-05-07 09:58:31[0m DBG [2mcore/action.go:188[0m Action.Run [2mname=[0mAIListTasks [2merr=[0m<nil>
[2m2026-05-07 09:58:31[0m DBG [2mtracing/tracing.go:186[0m span start [2mname=[0mgenerate
[2m2026-05-07 09:58:31[0m DBG [2mcore/action.go:186[0m Action.Run [2mname=[0mxai/grok-3
[2m2026-05-07 09:58:31[0m DBG [2mtracing/tracing.go:186[0m span start [2mname=[0mxai/grok-3
[2m2026-05-07 09:58:36[0m DBG [2mtracing/tracing.go:267[0m span end [2mname=[0mxai/grok-3
[2m2026-05-07 09:58:36[0m DBG [2mcore/action.go:188[0m Action.Run [2mname=[0mxai/grok-3 [2merr=[0m<nil>
[2m2026-05-07 09:58:36[0m DBG [2mcore/action.go:186[0m Action.Run [2mname=[0mAIListTasks
[2m2026-05-07 09:58:36[0m DBG [2mtracing/tracing.go:186[0m span start [2mname=[0mAIListTasks
[2m2026-05-07 09:58:36[0m DBG [2maitaskmanager/aitaskmanager.go:282[0m ENTER AIListTasks
[2m2026-05-07 09:58:36[0m DBG [2maitaskmanager/aitaskmanager.go:288[0m EXIT AIListTasks
[2m2026-05-07 09:58:36[0m DBG [2mtracing/tracing.go:267[0m span end [2mname=[0mAIListTasks
[2m2026-05-07 09:58:36[0m DBG [2mcore/action.go:188[0m Action.Run [2mname=[0mAIListTasks [2merr=[0m<nil>
[2m2026-05-07 09:58:36[0m DBG [2mtracing/tracing.go:186[0m span start [2mname=[0mgenerate
[2m2026-05-07 09:58:36[0m DBG [2mcore/action.go:186[0m Action.Run [2mname=[0mxai/grok-3
[2m2026-05-07 09:58:36[0m DBG [2mtracing/tracing.go:186[0m span start [2mname=[0mxai/grok-3
[2m2026-05-07 09:58:41[0m DBG [2mtracing/tracing.go:267[0m span end [2mname=[0mxai/grok-3
[2m2026-05-07 09:58:41[0m DBG [2mcore/action.go:188[0m Action.Run [2mname=[0mxai/grok-3 [2merr=[0m<nil>
[2m2026-05-07 09:58:41[0m DBG [2mcore/action.go:186[0m Action.Run [2mname=[0mAIListTasks
[2m2026-05-07 09:58:41[0m DBG [2mtracing/tracing.go:186[0m span start [2mname=[0mAIListTasks
[2m2026-05-07 09:58:41[0m DBG [2maitaskmanager/aitaskmanager.go:282[0m ENTER AIListTasks
[2m2026-05-07 09:58:41[0m DBG [2maitaskmanager/aitaskmanager.go:288[0m EXIT AIListTasks
[2m2026-05-07 09:58:41[0m DBG [2mtracing/tracing.go:267[0m span end [2mname=[0mAIListTasks
[2m2026-05-07 09:58:41[0m DBG [2mcore/action.go:188[0m Action.Run [2mname=[0mAIListTasks [2merr=[0m<nil>
[2m2026-05-07 09:58:41[0m DBG [2mtracing/tracing.go:186[0m span start [2mname=[0mgenerate
[2m2026-05-07 09:58:41[0m DBG [2mcore/action.go:186[0m Action.Run [2mname=[0mxai/grok-3
[2m2026-05-07 09:58:41[0m DBG [2mtracing/tracing.go:186[0m span start [2mname=[0mxai/grok-3
[2m2026-05-07 09:58:42[0m DBG [2mtracing/tracing.go:267[0m span end [2mname=[0mxai/grok-3
[2m2026-05-07 09:58:42[0m DBG [2mcore/action.go:188[0m Action.Run [2mname=[0mxai/grok-3 [2merr=[0m<nil>
[2m2026-05-07 09:58:42[0m DBG [2mcore/action.go:186[0m Action.Run [2mname=[0mAIListTasks
[2m2026-05-07 09:58:42[0m DBG [2mtracing/tracing.go:186[0m span start [2mname=[0mAIListTasks
[2m2026-05-07 09:58:42[0m DBG [2maitaskmanager/aitaskmanager.go:282[0m ENTER AIListTasks
[2m2026-05-07 09:58:42[0m DBG [2maitaskmanager/aitaskmanager.go:288[0m EXIT AIListTasks
[2m2026-05-07 09:58:42[0m DBG [2mtracing/tracing.go:267[0m span end [2mname=[0mAIListTasks
[2m2026-05-07 09:58:42[0m DBG [2mcore/action.go:188[0m Action.Run [2mname=[0mAIListTasks [2merr=[0m<nil>
[2m2026-05-07 09:58:42[0m DBG [2mtracing/tracing.go:186[0m span start [2mname=[0mgenerate
[2m2026-05-07 09:58:42[0m DBG [2mcore/action.go:186[0m Action.Run [2mname=[0mxai/grok-3
[2m2026-05-07 09:58:42[0m DBG [2mtracing/tracing.go:186[0m span start [2mname=[0mxai/grok-3
[2m2026-05-07 09:58:50[0m DBG [2mtracing/tracing.go:267[0m span end [2mname=[0mxai/grok-3
[2m2026-05-07 09:58:50[0m DBG [2mcore/action.go:188[0m Action.Run [2mname=[0mxai/grok-3 [2merr=[0m<nil>
[2m2026-05-07 09:58:50[0m DBG [2mcore/action.go:186[0m Action.Run [2mname=[0mAIListTasks
[2m2026-05-07 09:58:50[0m DBG [2mtracing/tracing.go:186[0m span start [2mname=[0mAIListTasks
[2m2026-05-07 09:58:50[0m DBG [2maitaskmanager/aitaskmanager.go:282[0m ENTER AIListTasks
[2m2026-05-07 09:58:50[0m DBG [2maitaskmanager/aitaskmanager.go:288[0m EXIT AIListTasks
[2m2026-05-07 09:58:50[0m DBG [2mtracing/tracing.go:267[0m span end [2mname=[0mAIListTasks
[2m2026-05-07 09:58:50[0m DBG [2mcore/action.go:188[0m Action.Run [2mname=[0mAIListTasks [2merr=[0m<nil>
[2m2026-05-07 09:58:50[0m DBG [2mtracing/tracing.go:186[0m span start [2mname=[0mgenerate
[2m2026-05-07 09:58:50[0m DBG [2mcore/action.go:186[0m Action.Run [2mname=[0mxai/grok-3
[2m2026-05-07 09:58:50[0m DBG [2mtracing/tracing.go:186[0m span start [2mname=[0mxai/grok-3
[2m2026-05-07 09:58:54[0m DBG [2mtracing/tracing.go:267[0m span end [2mname=[0mxai/grok-3
[2m2026-05-07 09:58:54[0m DBG [2mcore/action.go:188[0m Action.Run [2mname=[0mxai/grok-3 [2merr=[0m<nil>
[2m2026-05-07 09:58:54[0m DBG [2mtracing/tracing.go:267[0m span end [2mname=[0mgenerate
[2m2026-05-07 09:58:54[0m DBG [2mtracing/tracing.go:267[0m span end [2mname=[0mgenerate
[2m2026-05-07 09:58:54[0m DBG [2mtracing/tracing.go:267[0m span end [2mname=[0mgenerate
[2m2026-05-07 09:58:54[0m DBG [2mtracing/tracing.go:267[0m span end [2mname=[0mgenerate
[2m2026-05-07 09:58:54[0m DBG [2mtracing/tracing.go:267[0m span end [2mname=[0mgenerate
[2m2026-05-07 09:58:54[0m DBG [2mtracing/tracing.go:267[0m span end [2mname=[0mgenerate
[2m2026-05-07 09:58:54[0m DBG [2mtracing/tracing.go:267[0m span end [2mname=[0mgenerate
[2m2026-05-07 09:58:54[0m DBG [2mtracing/tracing.go:267[0m span end [2mname=[0mgenerate
[2m2026-05-07 09:58:54[0m DBG [2mtracing/tracing.go:267[0m span end [2mname=[0mgenerate
[2m2026-05-07 09:58:54[0m DBG [2mtracing/tracing.go:267[0m span end [2mname=[0mgenerate
[2m2026-05-07 09:58:54[0m DBG [2mtracing/tracing.go:267[0m span end [2mname=[0mgenerate
[2m2026-05-07 10:53:56[0m [92mINF[0m [2mgotaskmanager/main.go:664[0m Task manager started [2mversion=[0m1.0.0
[2m2026-05-07 10:53:56[0m DBG [2mgotaskmanager/main.go:665[0m Debug info [2mcursor=[0m3 [2mscreen=[0mtasks
[2m2026-05-07 10:53:56[0m DBG [2mregistry/registry.go:111[0m RegisterPlugin [2mname=[0mxai
[2m2026-05-07 10:53:56[0m DBG [2mregistry/registry.go:184[0m RegisterValue [2mname=[0m/format/text
[2m2026-05-07 10:53:56[0m DBG [2mregistry/registry.go:184[0m RegisterValue [2mname=[0m/format/json
[2m2026-05-07 10:53:56[0m DBG [2mregistry/registry.go:184[0m RegisterValue [2mname=[0m/format/jsonl
[2m2026-05-07 10:53:56[0m DBG [2mregistry/registry.go:184[0m RegisterValue [2mname=[0m/format/array
[2m2026-05-07 10:53:56[0m DBG [2mregistry/registry.go:184[0m RegisterValue [2mname=[0m/format/enum
[2m2026-05-07 10:53:56[0m DBG [2mregistry/registry.go:124[0m RegisterAction [2mkey=[0m/util/generate
[2m2026-05-07 10:53:56[0m DBG [2mregistry/registry.go:124[0m RegisterAction [2mkey=[0m/executable-prompt/grok_chat
[2m2026-05-07 10:53:56[0m DBG [2mai/prompt.go:704[0m Registered Dotprompt [2mname=[0mgrok_chat [2mfile=[0mgrok_chat.prompt
[2m2026-05-07 10:53:56[0m DBG [2mregistry/registry.go:184[0m RegisterValue [2mname=[0mgenkit/defaultModel
[2m2026-05-07 10:53:56[0m DBG [2mregistry/registry.go:184[0m RegisterValue [2mname=[0mgenkit/promptDir
[2m2026-05-07 10:53:56[0m DBG [2mregistry/registry.go:136[0m RegisterSchema [2mname=[0mTask
[2m2026-05-07 10:53:56[0m DBG [2mregistry/registry.go:124[0m RegisterAction [2mkey=[0m/tool.v2/AIListTasks
[2m2026-05-07 10:53:56[0m DBG [2mregistry/registry.go:124[0m RegisterAction [2mkey=[0m/tool/AIListTasks
[2m2026-05-07 10:53:56[0m DBG [2mregistry/registry.go:124[0m RegisterAction [2mkey=[0m/tool.v2/AIDeleteTask
[2m2026-05-07 10:53:56[0m DBG [2mregistry/registry.go:124[0m RegisterAction [2mkey=[0m/tool/AIDeleteTask
[2m2026-05-07 10:53:56[0m DBG [2mregistry/registry.go:124[0m RegisterAction [2mkey=[0m/tool.v2/AIGetTask
[2m2026-05-07 10:53:56[0m DBG [2mregistry/registry.go:124[0m RegisterAction [2mkey=[0m/tool/AIGetTask
[2m2026-05-07 10:53:56[0m DBG [2mregistry/registry.go:124[0m RegisterAction [2mkey=[0m/tool.v2/AICompleteTask
[2m2026-05-07 10:53:56[0m DBG [2mregistry/registry.go:124[0m RegisterAction [2mkey=[0m/tool/AICompleteTask
[2m2026-05-07 10:53:56[0m DBG [2mregistry/registry.go:124[0m RegisterAction [2mkey=[0m/tool.v2/AIAddTask
[2m2026-05-07 10:53:56[0m DBG [2mregistry/registry.go:124[0m RegisterAction [2mkey=[0m/tool/AIAddTask
[2m2026-05-07 10:54:07[0m DBG [2mcore/action.go:186[0m Action.Run [2mname=[0mgrok_chat
[2m2026-05-07 10:54:07[0m DBG [2mtracing/tracing.go:186[0m span start [2mname=[0mgrok_chat
[2m2026-05-07 10:54:07[0m DBG [2mtracing/tracing.go:267[0m span end [2mname=[0mgrok_chat
[2m2026-05-07 10:54:07[0m DBG [2mcore/action.go:188[0m Action.Run [2mname=[0mgrok_chat [2merr=[0m<nil>
[2m2026-05-07 10:54:07[0m DBG [2mregistry/registry.go:124[0m RegisterAction [2mkey=[0m/model/xai/grok-3
[2m2026-05-07 10:54:07[0m DBG [2mtracing/tracing.go:186[0m span start [2mname=[0mgenerate
[2m2026-05-07 10:54:07[0m DBG [2mcore/action.go:186[0m Action.Run [2mname=[0mxai/grok-3
[2m2026-05-07 10:54:07[0m DBG [2mtracing/tracing.go:186[0m span start [2mname=[0mxai/grok-3
[2m2026-05-07 10:54:10[0m DBG [2mtracing/tracing.go:267[0m span end [2mname=[0mxai/grok-3
[2m2026-05-07 10:54:10[0m DBG [2mcore/action.go:188[0m Action.Run [2mname=[0mxai/grok-3 [2merr=[0m<nil>
[2m2026-05-07 10:54:10[0m DBG [2mcore/action.go:186[0m Action.Run [2mname=[0mAIDeleteTask
[2m2026-05-07 10:54:10[0m DBG [2mtracing/tracing.go:186[0m span start [2mname=[0mAIDeleteTask
[2m2026-05-07 10:54:10[0m DBG [2maitaskmanager/aitaskmanager.go:307[0m ENTER AIDeleteTask
[2m2026-05-07 10:54:10[0m DBG [2mmodels/database.go:100[0m Entering DBDeleteTask
[2m2026-05-07 10:54:10[0m DBG [2mmodels/database.go:101[0m taskID: %d [2m!BADKEY=[0m123
[2m2026-05-07 10:54:10[0m DBG [2mmodels/database.go:105[0m delete action completed successfully
[2m2026-05-07 10:54:10[0m DBG [2maitaskmanager/aitaskmanager.go:313[0m EXIT AIDeleteTask
[2m2026-05-07 10:54:10[0m DBG [2mtracing/tracing.go:267[0m span end [2mname=[0mAIDeleteTask
[2m2026-05-07 10:54:10[0m DBG [2mcore/action.go:188[0m Action.Run [2mname=[0mAIDeleteTask [2merr=[0m<nil>
[2m2026-05-07 10:54:10[0m DBG [2mtracing/tracing.go:186[0m span start [2mname=[0mgenerate
[2m2026-05-07 10:54:10[0m DBG [2mcore/action.go:186[0m Action.Run [2mname=[0mxai/grok-3
[2m2026-05-07 10:54:10[0m DBG [2mtracing/tracing.go:186[0m span start [2mname=[0mxai/grok-3
[2m2026-05-07 10:54:12[0m DBG [2mtracing/tracing.go:267[0m span end [2mname=[0mxai/grok-3
[2m2026-05-07 10:54:12[0m DBG [2mcore/action.go:188[0m Action.Run [2mname=[0mxai/grok-3 [2merr=[0m<nil>
[2m2026-05-07 10:54:12[0m DBG [2mcore/action.go:186[0m Action.Run [2mname=[0mAIListTasks
[2m2026-05-07 10:54:12[0m DBG [2mtracing/tracing.go:186[0m span start [2mname=[0mAIListTasks
[2m2026-05-07 10:54:12[0m DBG [2maitaskmanager/aitaskmanager.go:282[0m ENTER AIListTasks
[2m2026-05-07 10:54:12[0m DBG [2maitaskmanager/aitaskmanager.go:288[0m EXIT AIListTasks
[2m2026-05-07 10:54:12[0m DBG [2mtracing/tracing.go:267[0m span end [2mname=[0mAIListTasks
[2m2026-05-07 10:54:12[0m DBG [2mcore/action.go:188[0m Action.Run [2mname=[0mAIListTasks [2merr=[0m<nil>
[2m2026-05-07 10:54:12[0m DBG [2mtracing/tracing.go:186[0m span start [2mname=[0mgenerate
[2m2026-05-07 10:54:12[0m DBG [2mcore/action.go:186[0m Action.Run [2mname=[0mxai/grok-3
[2m2026-05-07 10:54:12[0m DBG [2mtracing/tracing.go:186[0m span start [2mname=[0mxai/grok-3
[2m2026-05-07 10:54:14[0m DBG [2mtracing/tracing.go:267[0m span end [2mname=[0mxai/grok-3
[2m2026-05-07 10:54:14[0m DBG [2mcore/action.go:188[0m Action.Run [2mname=[0mxai/grok-3 [2merr=[0m<nil>
[2m2026-05-07 10:54:14[0m DBG [2mcore/action.go:186[0m Action.Run [2mname=[0mAIListTasks
[2m2026-05-07 10:54:14[0m DBG [2mtracing/tracing.go:186[0m span start [2mname=[0mAIListTasks
[2m2026-05-07 10:54:14[0m DBG [2maitaskmanager/aitaskmanager.go:282[0m ENTER AIListTasks
[2m2026-05-07 10:54:14[0m DBG [2maitaskmanager/aitaskmanager.go:288[0m EXIT AIListTasks
[2m2026-05-07 10:54:14[0m DBG [2mtracing/tracing.go:267[0m span end [2mname=[0mAIListTasks
[2m2026-05-07 10:54:14[0m DBG [2mcore/action.go:188[0m Action.Run [2mname=[0mAIListTasks [2merr=[0m<nil>
[2m2026-05-07 10:54:14[0m DBG [2mtracing/tracing.go:186[0m span start [2mname=[0mgenerate
[2m2026-05-07 10:54:14[0m DBG [2mcore/action.go:186[0m Action.Run [2mname=[0mxai/grok-3
[2m2026-05-07 10:54:14[0m DBG [2mtracing/tracing.go:186[0m span start [2mname=[0mxai/grok-3
[2m2026-05-07 10:54:16[0m DBG [2mtracing/tracing.go:267[0m span end [2mname=[0mxai/grok-3
[2m2026-05-07 10:54:16[0m DBG [2mcore/action.go:188[0m Action.Run [2mname=[0mxai/grok-3 [2merr=[0m<nil>
[2m2026-05-07 10:54:16[0m DBG [2mcore/action.go:186[0m Action.Run [2mname=[0mAIListTasks
[2m2026-05-07 10:54:16[0m DBG [2mtracing/tracing.go:186[0m span start [2mname=[0mAIListTasks
[2m2026-05-07 10:54:16[0m DBG [2maitaskmanager/aitaskmanager.go:282[0m ENTER AIListTasks
[2m2026-05-07 10:54:16[0m DBG [2maitaskmanager/aitaskmanager.go:288[0m EXIT AIListTasks
[2m2026-05-07 10:54:16[0m DBG [2mtracing/tracing.go:267[0m span end [2mname=[0mAIListTasks
[2m2026-05-07 10:54:16[0m DBG [2mcore/action.go:188[0m Action.Run [2mname=[0mAIListTasks [2merr=[0m<nil>
[2m2026-05-07 10:54:16[0m DBG [2mtracing/tracing.go:186[0m span start [2mname=[0mgenerate
[2m2026-05-07 10:54:16[0m DBG [2mcore/action.go:186[0m Action.Run [2mname=[0mxai/grok-3
[2m2026-05-07 10:54:16[0m DBG [2mtracing/tracing.go:186[0m span start [2mname=[0mxai/grok-3
[2m2026-05-07 10:54:19[0m DBG [2mtracing/tracing.go:267[0m span end [2mname=[0mxai/grok-3
[2m2026-05-07 10:54:19[0m DBG [2mcore/action.go:188[0m Action.Run [2mname=[0mxai/grok-3 [2merr=[0m<nil>
[2m2026-05-07 10:54:19[0m DBG [2mcore/action.go:186[0m Action.Run [2mname=[0mAIListTasks
[2m2026-05-07 10:54:19[0m DBG [2mtracing/tracing.go:186[0m span start [2mname=[0mAIListTasks
[2m2026-05-07 10:54:19[0m DBG [2maitaskmanager/aitaskmanager.go:282[0m ENTER AIListTasks
[2m2026-05-07 10:54:19[0m DBG [2maitaskmanager/aitaskmanager.go:288[0m EXIT AIListTasks
[2m2026-05-07 10:54:19[0m DBG [2mtracing/tracing.go:267[0m span end [2mname=[0mAIListTasks
[2m2026-05-07 10:54:19[0m DBG [2mcore/action.go:188[0m Action.Run [2mname=[0mAIListTasks [2merr=[0m<nil>
[2m2026-05-07 10:54:19[0m DBG [2mtracing/tracing.go:186[0m span start [2mname=[0mgenerate
[2m2026-05-07 10:54:19[0m DBG [2mcore/action.go:186[0m Action.Run [2mname=[0mxai/grok-3
[2m2026-05-07 10:54:19[0m DBG [2mtracing/tracing.go:186[0m span start [2mname=[0mxai/grok-3
[2m2026-05-07 10:54:21[0m DBG [2mtracing/tracing.go:267[0m span end [2mname=[0mxai/grok-3
[2m2026-05-07 10:54:21[0m DBG [2mcore/action.go:188[0m Action.Run [2mname=[0mxai/grok-3 [2merr=[0m<nil>
[2m2026-05-07 10:54:21[0m DBG [2mcore/action.go:186[0m Action.Run [2mname=[0mAIListTasks
[2m2026-05-07 10:54:21[0m DBG [2mtracing/tracing.go:186[0m span start [2mname=[0mAIListTasks
[2m2026-05-07 10:54:21[0m DBG [2maitaskmanager/aitaskmanager.go:282[0m ENTER AIListTasks
[2m2026-05-07 10:54:21[0m DBG [2maitaskmanager/aitaskmanager.go:288[0m EXIT AIListTasks
[2m2026-05-07 10:54:21[0m DBG [2mtracing/tracing.go:267[0m span end [2mname=[0mAIListTasks
[2m2026-05-07 10:54:21[0m DBG [2mcore/action.go:188[0m Action.Run [2mname=[0mAIListTasks [2merr=[0m<nil>
[2m2026-05-07 10:54:21[0m DBG [2mtracing/tracing.go:186[0m span start [2mname=[0mgenerate
[2m2026-05-07 10:54:21[0m DBG [2mcore/action.go:186[0m Action.Run [2mname=[0mxai/grok-3
[2m2026-05-07 10:54:21[0m DBG [2mtracing/tracing.go:186[0m span start [2mname=[0mxai/grok-3
[2m2026-05-07 10:54:24[0m DBG [2mtracing/tracing.go:267[0m span end [2mname=[0mxai/grok-3
[2m2026-05-07 10:54:24[0m DBG [2mcore/action.go:188[0m Action.Run [2mname=[0mxai/grok-3 [2merr=[0m<nil>
[2m2026-05-07 10:54:24[0m DBG [2mcore/action.go:186[0m Action.Run [2mname=[0mAIListTasks
[2m2026-05-07 10:54:24[0m DBG [2mtracing/tracing.go:186[0m span start [2mname=[0mAIListTasks
[2m2026-05-07 10:54:24[0m DBG [2maitaskmanager/aitaskmanager.go:282[0m ENTER AIListTasks
[2m2026-05-07 10:54:24[0m DBG [2maitaskmanager/aitaskmanager.go:288[0m EXIT AIListTasks
[2m2026-05-07 10:54:24[0m DBG [2mtracing/tracing.go:267[0m span end [2mname=[0mAIListTasks
[2m2026-05-07 10:54:24[0m DBG [2mcore/action.go:188[0m Action.Run [2mname=[0mAIListTasks [2merr=[0m<nil>
[2m2026-05-07 10:54:24[0m DBG [2mtracing/tracing.go:186[0m span start [2mname=[0mgenerate
[2m2026-05-07 10:54:24[0m DBG [2mcore/action.go:186[0m Action.Run [2mname=[0mxai/grok-3
[2m2026-05-07 10:54:24[0m DBG [2mtracing/tracing.go:186[0m span start [2mname=[0mxai/grok-3
[2m2026-05-07 10:54:29[0m DBG [2mtracing/tracing.go:267[0m span end [2mname=[0mxai/grok-3
[2m2026-05-07 10:54:29[0m DBG [2mcore/action.go:188[0m Action.Run [2mname=[0mxai/grok-3 [2merr=[0m<nil>
[2m2026-05-07 10:54:29[0m DBG [2mcore/action.go:186[0m Action.Run [2mname=[0mAIListTasks
[2m2026-05-07 10:54:29[0m DBG [2mtracing/tracing.go:186[0m span start [2mname=[0mAIListTasks
[2m2026-05-07 10:54:29[0m DBG [2maitaskmanager/aitaskmanager.go:282[0m ENTER AIListTasks
[2m2026-05-07 10:54:29[0m DBG [2maitaskmanager/aitaskmanager.go:288[0m EXIT AIListTasks
[2m2026-05-07 10:54:29[0m DBG [2mtracing/tracing.go:267[0m span end [2mname=[0mAIListTasks
[2m2026-05-07 10:54:29[0m DBG [2mcore/action.go:188[0m Action.Run [2mname=[0mAIListTasks [2merr=[0m<nil>
[2m2026-05-07 10:54:29[0m DBG [2mtracing/tracing.go:186[0m span start [2mname=[0mgenerate
[2m2026-05-07 10:54:29[0m DBG [2mcore/action.go:186[0m Action.Run [2mname=[0mxai/grok-3
[2m2026-05-07 10:54:29[0m DBG [2mtracing/tracing.go:186[0m span start [2mname=[0mxai/grok-3
[2m2026-05-07 10:54:32[0m DBG [2mtracing/tracing.go:267[0m span end [2mname=[0mxai/grok-3
[2m2026-05-07 10:54:32[0m DBG [2mcore/action.go:188[0m Action.Run [2mname=[0mxai/grok-3 [2merr=[0m<nil>
[2m2026-05-07 10:54:32[0m DBG [2mcore/action.go:186[0m Action.Run [2mname=[0mAIListTasks
[2m2026-05-07 10:54:32[0m DBG [2mtracing/tracing.go:186[0m span start [2mname=[0mAIListTasks
[2m2026-05-07 10:54:32[0m DBG [2maitaskmanager/aitaskmanager.go:282[0m ENTER AIListTasks
[2m2026-05-07 10:54:32[0m DBG [2maitaskmanager/aitaskmanager.go:288[0m EXIT AIListTasks
[2m2026-05-07 10:54:32[0m DBG [2mtracing/tracing.go:267[0m span end [2mname=[0mAIListTasks
[2m2026-05-07 10:54:32[0m DBG [2mcore/action.go:188[0m Action.Run [2mname=[0mAIListTasks [2merr=[0m<nil>
[2m2026-05-07 10:54:32[0m DBG [2mtracing/tracing.go:186[0m span start [2mname=[0mgenerate
[2m2026-05-07 10:54:32[0m DBG [2mcore/action.go:186[0m Action.Run [2mname=[0mxai/grok-3
[2m2026-05-07 10:54:32[0m DBG [2mtracing/tracing.go:186[0m span start [2mname=[0mxai/grok-3
[2m2026-05-07 10:54:34[0m DBG [2mtracing/tracing.go:267[0m span end [2mname=[0mxai/grok-3
[2m2026-05-07 10:54:34[0m DBG [2mcore/action.go:188[0m Action.Run [2mname=[0mxai/grok-3 [2merr=[0m<nil>
[2m2026-05-07 10:54:34[0m DBG [2mcore/action.go:186[0m Action.Run [2mname=[0mAIListTasks
[2m2026-05-07 10:54:34[0m DBG [2mtracing/tracing.go:186[0m span start [2mname=[0mAIListTasks
[2m2026-05-07 10:54:34[0m DBG [2maitaskmanager/aitaskmanager.go:282[0m ENTER AIListTasks
[2m2026-05-07 10:54:34[0m DBG [2maitaskmanager/aitaskmanager.go:288[0m EXIT AIListTasks
[2m2026-05-07 10:54:34[0m DBG [2mtracing/tracing.go:267[0m span end [2mname=[0mAIListTasks
[2m2026-05-07 10:54:34[0m DBG [2mcore/action.go:188[0m Action.Run [2mname=[0mAIListTasks [2merr=[0m<nil>
[2m2026-05-07 10:54:34[0m DBG [2mtracing/tracing.go:186[0m span start [2mname=[0mgenerate
[2m2026-05-07 10:54:34[0m DBG [2mcore/action.go:186[0m Action.Run [2mname=[0mxai/grok-3
[2m2026-05-07 10:54:34[0m DBG [2mtracing/tracing.go:186[0m span start [2mname=[0mxai/grok-3
[2m2026-05-07 10:54:36[0m DBG [2mtracing/tracing.go:267[0m span end [2mname=[0mxai/grok-3
[2m2026-05-07 10:54:36[0m DBG [2mcore/action.go:188[0m Action.Run [2mname=[0mxai/grok-3 [2merr=[0m<nil>
[2m2026-05-07 10:54:36[0m DBG [2mtracing/tracing.go:267[0m span end [2mname=[0mgenerate
[2m2026-05-07 10:54:36[0m DBG [2mtracing/tracing.go:267[0m span end [2mname=[0mgenerate
[2m2026-05-07 10:54:36[0m DBG [2mtracing/tracing.go:267[0m span end [2mname=[0mgenerate
[2m2026-05-07 10:54:36[0m DBG [2mtracing/tracing.go:267[0m span end [2mname=[0mgenerate
[2m2026-05-07 10:54:36[0m DBG [2mtracing/tracing.go:267[0m span end [2mname=[0mgenerate
[2m2026-05-07 10:54:36[0m DBG [2mtracing/tracing.go:267[0m span end [2mname=[0mgenerate
[2m2026-05-07 10:54:36[0m DBG [2mtracing/tracing.go:267[0m span end [2mname=[0mgenerate
[2m2026-05-07 10:54:36[0m DBG [2mtracing/tracing.go:267[0m span end [2mname=[0mgenerate
[2m2026-05-07 10:54:36[0m DBG [2mtracing/tracing.go:267[0m span end [2mname=[0mgenerate
[2m2026-05-07 10:54:36[0m DBG [2mtracing/tracing.go:267[0m span end [2mname=[0mgenerate
[2m2026-05-07 10:54:36[0m DBG [2mtracing/tracing.go:267[0m span end [2mname=[0mgenerate
