[2mJun  9 10:56:33.248[0m DBG RegisterPlugin [2mname=[0mxai
[2mJun  9 10:56:33.248[0m DBG RegisterValue [2mname=[0m/format/text
[2mJun  9 10:56:33.248[0m DBG RegisterValue [2mname=[0m/format/json
[2mJun  9 10:56:33.248[0m DBG RegisterValue [2mname=[0m/format/jsonl
[2mJun  9 10:56:33.248[0m DBG RegisterValue [2mname=[0m/format/array
[2mJun  9 10:56:33.248[0m DBG RegisterValue [2mname=[0m/format/enum
[2mJun  9 10:56:33.249[0m DBG RegisterAction [2mkey=[0m/util/generate
[2mJun  9 10:56:33.249[0m DBG RegisterAction [2mkey=[0m/executable-prompt/grok_chat
[2mJun  9 10:56:33.249[0m DBG Registered Dotprompt [2mname=[0mgrok_chat [2mfile=[0mgrok_chat.prompt
[2mJun  9 10:56:33.249[0m DBG RegisterValue [2mname=[0mgenkit/defaultModel
[2mJun  9 10:56:33.249[0m DBG RegisterValue [2mname=[0mgenkit/promptDir
[2mJun  9 10:56:33.249[0m DBG RegisterSchema [2mname=[0mTask
[2mJun  9 10:56:33.250[0m DBG RegisterAction [2mkey=[0m/tool.v2/AIListTasks
[2mJun  9 10:56:33.250[0m DBG RegisterAction [2mkey=[0m/tool/AIListTasks
[2mJun  9 10:56:33.250[0m DBG RegisterAction [2mkey=[0m/tool.v2/AIDeleteTask
[2mJun  9 10:56:33.250[0m DBG RegisterAction [2mkey=[0m/tool/AIDeleteTask
[2mJun  9 10:56:33.250[0m DBG RegisterAction [2mkey=[0m/tool.v2/AIGetTask
[2mJun  9 10:56:33.250[0m DBG RegisterAction [2mkey=[0m/tool/AIGetTask
[2mJun  9 10:56:33.250[0m DBG RegisterAction [2mkey=[0m/tool.v2/AICompleteTask
[2mJun  9 10:56:33.250[0m DBG RegisterAction [2mkey=[0m/tool/AICompleteTask
[2mJun  9 10:56:33.250[0m DBG RegisterAction [2mkey=[0m/tool.v2/AIAddTask
[2mJun  9 10:56:33.250[0m DBG RegisterAction [2mkey=[0m/tool/AIAddTask
[2mJun  9 10:56:56.450[0m DBG Action.Run [2mname=[0mgrok_chat
[2mJun  9 10:56:56.450[0m DBG span start [2mname=[0mgrok_chat
[2mJun  9 10:56:56.451[0m DBG span end [2mname=[0mgrok_chat
[2mJun  9 10:56:56.451[0m DBG Action.Run [2mname=[0mgrok_chat [2merr=[0m<nil>
[2mJun  9 10:56:56.452[0m DBG RegisterAction [2mkey=[0m/model/xai/grok-3
[2mJun  9 10:56:56.452[0m DBG span start [2mname=[0mgenerate
[2mJun  9 10:56:56.452[0m DBG Action.Run [2mname=[0mxai/grok-3
[2mJun  9 10:56:56.452[0m DBG span start [2mname=[0mxai/grok-3
[2mJun  9 10:56:59.988[0m DBG span end [2mname=[0mxai/grok-3
[2mJun  9 10:56:59.988[0m DBG Action.Run [2mname=[0mxai/grok-3 [2merr=[0m<nil>
[2mJun  9 10:56:59.988[0m DBG span end [2mname=[0mgenerate
